[2024-08-18 18:58:35,209] INFO [Controller id=0 epoch=1] Sending UpdateMetadata request to brokers Set(0) for 0 partitions (state.change.logger)
[2024-08-18 18:58:35,936] INFO [Controller id=0 epoch=1] Changed partition example-catalog-topic-0 state from NonExistentPartition to NewPartition with assigned replicas 0 (state.change.logger)
[2024-08-18 18:58:35,936] INFO [Controller id=0 epoch=1] Sending UpdateMetadata request to brokers Set() for 0 partitions (state.change.logger)
[2024-08-18 18:58:35,940] INFO [Controller id=0 epoch=1] Sending UpdateMetadata request to brokers Set() for 0 partitions (state.change.logger)
[2024-08-18 18:58:35,980] INFO [Controller id=0 epoch=1] Changed partition example-catalog-topic-0 from NewPartition to OnlinePartition with state LeaderAndIsr(leader=0, leaderEpoch=0, isrWithBrokerEpoch=List(BrokerState(brokerId=0, brokerEpoch=-1)), leaderRecoveryState=RECOVERED, partitionEpoch=0) (state.change.logger)
[2024-08-18 18:58:35,984] INFO [Controller id=0 epoch=1] Sending LeaderAndIsr request to broker 0 with 1 become-leader and 0 become-follower partitions (state.change.logger)
[2024-08-18 18:58:35,988] INFO [Controller id=0 epoch=1] Sending UpdateMetadata request to brokers Set(0) for 1 partitions (state.change.logger)
[2024-08-18 18:58:35,989] INFO [Controller id=0 epoch=1] Sending UpdateMetadata request to brokers Set() for 0 partitions (state.change.logger)
[2024-08-18 18:58:36,000] INFO [Controller id=0 epoch=1] Changed partition __consumer_offsets-22 state from NonExistentPartition to NewPartition with assigned replicas 0 (state.change.logger)
[2024-08-18 18:58:36,000] INFO [Controller id=0 epoch=1] Changed partition __consumer_offsets-30 state from NonExistentPartition to NewPartition with assigned replicas 0 (state.change.logger)
[2024-08-18 18:58:36,000] INFO [Controller id=0 epoch=1] Changed partition __consumer_offsets-8 state from NonExistentPartition to NewPartition with assigned replicas 0 (state.change.logger)
[2024-08-18 18:58:36,000] INFO [Controller id=0 epoch=1] Changed partition __consumer_offsets-21 state from NonExistentPartition to NewPartition with assigned replicas 0 (state.change.logger)
[2024-08-18 18:58:36,000] INFO [Controller id=0 epoch=1] Changed partition __consumer_offsets-4 state from NonExistentPartition to NewPartition with assigned replicas 0 (state.change.logger)
[2024-08-18 18:58:36,000] INFO [Controller id=0 epoch=1] Changed partition __consumer_offsets-27 state from NonExistentPartition to NewPartition with assigned replicas 0 (state.change.logger)
[2024-08-18 18:58:36,000] INFO [Controller id=0 epoch=1] Changed partition __consumer_offsets-7 state from NonExistentPartition to NewPartition with assigned replicas 0 (state.change.logger)
[2024-08-18 18:58:36,000] INFO [Controller id=0 epoch=1] Changed partition __consumer_offsets-9 state from NonExistentPartition to NewPartition with assigned replicas 0 (state.change.logger)
[2024-08-18 18:58:36,000] INFO [Controller id=0 epoch=1] Changed partition __consumer_offsets-46 state from NonExistentPartition to NewPartition with assigned replicas 0 (state.change.logger)
[2024-08-18 18:58:36,000] INFO [Controller id=0 epoch=1] Changed partition __consumer_offsets-25 state from NonExistentPartition to NewPartition with assigned replicas 0 (state.change.logger)
[2024-08-18 18:58:36,000] INFO [Broker id=0] Handling LeaderAndIsr request correlationId 1 from controller 0 for 1 partitions (state.change.logger)
[2024-08-18 18:58:36,000] INFO [Controller id=0 epoch=1] Changed partition __consumer_offsets-35 state from NonExistentPartition to NewPartition with assigned replicas 0 (state.change.logger)
[2024-08-18 18:58:36,001] INFO [Controller id=0 epoch=1] Changed partition __consumer_offsets-41 state from NonExistentPartition to NewPartition with assigned replicas 0 (state.change.logger)
[2024-08-18 18:58:36,001] INFO [Controller id=0 epoch=1] Changed partition __consumer_offsets-33 state from NonExistentPartition to NewPartition with assigned replicas 0 (state.change.logger)
[2024-08-18 18:58:36,001] INFO [Controller id=0 epoch=1] Changed partition __consumer_offsets-23 state from NonExistentPartition to NewPartition with assigned replicas 0 (state.change.logger)
[2024-08-18 18:58:36,001] INFO [Controller id=0 epoch=1] Changed partition __consumer_offsets-49 state from NonExistentPartition to NewPartition with assigned replicas 0 (state.change.logger)
[2024-08-18 18:58:36,001] INFO [Controller id=0 epoch=1] Changed partition __consumer_offsets-47 state from NonExistentPartition to NewPartition with assigned replicas 0 (state.change.logger)
[2024-08-18 18:58:36,001] INFO [Controller id=0 epoch=1] Changed partition __consumer_offsets-16 state from NonExistentPartition to NewPartition with assigned replicas 0 (state.change.logger)
[2024-08-18 18:58:36,001] INFO [Controller id=0 epoch=1] Changed partition __consumer_offsets-28 state from NonExistentPartition to NewPartition with assigned replicas 0 (state.change.logger)
[2024-08-18 18:58:36,001] INFO [Controller id=0 epoch=1] Changed partition __consumer_offsets-31 state from NonExistentPartition to NewPartition with assigned replicas 0 (state.change.logger)
[2024-08-18 18:58:36,001] INFO [Controller id=0 epoch=1] Changed partition __consumer_offsets-36 state from NonExistentPartition to NewPartition with assigned replicas 0 (state.change.logger)
[2024-08-18 18:58:36,001] INFO [Controller id=0 epoch=1] Changed partition __consumer_offsets-42 state from NonExistentPartition to NewPartition with assigned replicas 0 (state.change.logger)
[2024-08-18 18:58:36,001] INFO [Controller id=0 epoch=1] Changed partition __consumer_offsets-3 state from NonExistentPartition to NewPartition with assigned replicas 0 (state.change.logger)
[2024-08-18 18:58:36,001] INFO [Controller id=0 epoch=1] Changed partition __consumer_offsets-18 state from NonExistentPartition to NewPartition with assigned replicas 0 (state.change.logger)
[2024-08-18 18:58:36,001] INFO [Controller id=0 epoch=1] Changed partition __consumer_offsets-37 state from NonExistentPartition to NewPartition with assigned replicas 0 (state.change.logger)
[2024-08-18 18:58:36,001] INFO [Controller id=0 epoch=1] Changed partition __consumer_offsets-15 state from NonExistentPartition to NewPartition with assigned replicas 0 (state.change.logger)
[2024-08-18 18:58:36,001] INFO [Controller id=0 epoch=1] Changed partition __consumer_offsets-24 state from NonExistentPartition to NewPartition with assigned replicas 0 (state.change.logger)
[2024-08-18 18:58:36,001] INFO [Controller id=0 epoch=1] Changed partition __consumer_offsets-38 state from NonExistentPartition to NewPartition with assigned replicas 0 (state.change.logger)
[2024-08-18 18:58:36,001] INFO [Controller id=0 epoch=1] Changed partition __consumer_offsets-17 state from NonExistentPartition to NewPartition with assigned replicas 0 (state.change.logger)
[2024-08-18 18:58:36,002] INFO [Controller id=0 epoch=1] Changed partition __consumer_offsets-48 state from NonExistentPartition to NewPartition with assigned replicas 0 (state.change.logger)
[2024-08-18 18:58:36,002] INFO [Controller id=0 epoch=1] Changed partition __consumer_offsets-19 state from NonExistentPartition to NewPartition with assigned replicas 0 (state.change.logger)
[2024-08-18 18:58:36,002] INFO [Controller id=0 epoch=1] Changed partition __consumer_offsets-11 state from NonExistentPartition to NewPartition with assigned replicas 0 (state.change.logger)
[2024-08-18 18:58:36,002] INFO [Controller id=0 epoch=1] Changed partition __consumer_offsets-13 state from NonExistentPartition to NewPartition with assigned replicas 0 (state.change.logger)
[2024-08-18 18:58:36,002] INFO [Controller id=0 epoch=1] Changed partition __consumer_offsets-2 state from NonExistentPartition to NewPartition with assigned replicas 0 (state.change.logger)
[2024-08-18 18:58:36,002] INFO [Controller id=0 epoch=1] Changed partition __consumer_offsets-43 state from NonExistentPartition to NewPartition with assigned replicas 0 (state.change.logger)
[2024-08-18 18:58:36,002] INFO [Controller id=0 epoch=1] Changed partition __consumer_offsets-6 state from NonExistentPartition to NewPartition with assigned replicas 0 (state.change.logger)
[2024-08-18 18:58:36,002] INFO [Controller id=0 epoch=1] Changed partition __consumer_offsets-14 state from NonExistentPartition to NewPartition with assigned replicas 0 (state.change.logger)
[2024-08-18 18:58:36,002] INFO [Controller id=0 epoch=1] Changed partition __consumer_offsets-20 state from NonExistentPartition to NewPartition with assigned replicas 0 (state.change.logger)
[2024-08-18 18:58:36,002] INFO [Controller id=0 epoch=1] Changed partition __consumer_offsets-0 state from NonExistentPartition to NewPartition with assigned replicas 0 (state.change.logger)
[2024-08-18 18:58:36,002] INFO [Controller id=0 epoch=1] Changed partition __consumer_offsets-44 state from NonExistentPartition to NewPartition with assigned replicas 0 (state.change.logger)
[2024-08-18 18:58:36,002] INFO [Controller id=0 epoch=1] Changed partition __consumer_offsets-39 state from NonExistentPartition to NewPartition with assigned replicas 0 (state.change.logger)
[2024-08-18 18:58:36,002] INFO [Controller id=0 epoch=1] Changed partition __consumer_offsets-12 state from NonExistentPartition to NewPartition with assigned replicas 0 (state.change.logger)
[2024-08-18 18:58:36,002] INFO [Controller id=0 epoch=1] Changed partition __consumer_offsets-45 state from NonExistentPartition to NewPartition with assigned replicas 0 (state.change.logger)
[2024-08-18 18:58:36,002] INFO [Controller id=0 epoch=1] Changed partition __consumer_offsets-1 state from NonExistentPartition to NewPartition with assigned replicas 0 (state.change.logger)
[2024-08-18 18:58:36,002] INFO [Controller id=0 epoch=1] Changed partition __consumer_offsets-5 state from NonExistentPartition to NewPartition with assigned replicas 0 (state.change.logger)
[2024-08-18 18:58:36,002] INFO [Controller id=0 epoch=1] Changed partition __consumer_offsets-26 state from NonExistentPartition to NewPartition with assigned replicas 0 (state.change.logger)
[2024-08-18 18:58:36,002] INFO [Controller id=0 epoch=1] Changed partition __consumer_offsets-29 state from NonExistentPartition to NewPartition with assigned replicas 0 (state.change.logger)
[2024-08-18 18:58:36,002] INFO [Controller id=0 epoch=1] Changed partition __consumer_offsets-34 state from NonExistentPartition to NewPartition with assigned replicas 0 (state.change.logger)
[2024-08-18 18:58:36,002] INFO [Controller id=0 epoch=1] Changed partition __consumer_offsets-10 state from NonExistentPartition to NewPartition with assigned replicas 0 (state.change.logger)
[2024-08-18 18:58:36,002] INFO [Controller id=0 epoch=1] Changed partition __consumer_offsets-32 state from NonExistentPartition to NewPartition with assigned replicas 0 (state.change.logger)
[2024-08-18 18:58:36,002] INFO [Controller id=0 epoch=1] Changed partition __consumer_offsets-40 state from NonExistentPartition to NewPartition with assigned replicas 0 (state.change.logger)
[2024-08-18 18:58:36,002] INFO [Controller id=0 epoch=1] Sending UpdateMetadata request to brokers Set() for 0 partitions (state.change.logger)
[2024-08-18 18:58:36,006] INFO [Controller id=0 epoch=1] Sending UpdateMetadata request to brokers Set() for 0 partitions (state.change.logger)
[2024-08-18 18:58:36,052] INFO [Broker id=0] Stopped fetchers as part of LeaderAndIsr request correlationId 1 from controller 0 epoch 1 as part of the become-leader transition for 1 partitions (state.change.logger)
[2024-08-18 18:58:36,130] INFO [Controller id=0 epoch=1] Changed partition __consumer_offsets-22 from NewPartition to OnlinePartition with state LeaderAndIsr(leader=0, leaderEpoch=0, isrWithBrokerEpoch=List(BrokerState(brokerId=0, brokerEpoch=-1)), leaderRecoveryState=RECOVERED, partitionEpoch=0) (state.change.logger)
[2024-08-18 18:58:36,130] INFO [Controller id=0 epoch=1] Changed partition __consumer_offsets-30 from NewPartition to OnlinePartition with state LeaderAndIsr(leader=0, leaderEpoch=0, isrWithBrokerEpoch=List(BrokerState(brokerId=0, brokerEpoch=-1)), leaderRecoveryState=RECOVERED, partitionEpoch=0) (state.change.logger)
[2024-08-18 18:58:36,130] INFO [Controller id=0 epoch=1] Changed partition __consumer_offsets-8 from NewPartition to OnlinePartition with state LeaderAndIsr(leader=0, leaderEpoch=0, isrWithBrokerEpoch=List(BrokerState(brokerId=0, brokerEpoch=-1)), leaderRecoveryState=RECOVERED, partitionEpoch=0) (state.change.logger)
[2024-08-18 18:58:36,131] INFO [Controller id=0 epoch=1] Changed partition __consumer_offsets-21 from NewPartition to OnlinePartition with state LeaderAndIsr(leader=0, leaderEpoch=0, isrWithBrokerEpoch=List(BrokerState(brokerId=0, brokerEpoch=-1)), leaderRecoveryState=RECOVERED, partitionEpoch=0) (state.change.logger)
[2024-08-18 18:58:36,131] INFO [Controller id=0 epoch=1] Changed partition __consumer_offsets-4 from NewPartition to OnlinePartition with state LeaderAndIsr(leader=0, leaderEpoch=0, isrWithBrokerEpoch=List(BrokerState(brokerId=0, brokerEpoch=-1)), leaderRecoveryState=RECOVERED, partitionEpoch=0) (state.change.logger)
[2024-08-18 18:58:36,131] INFO [Controller id=0 epoch=1] Changed partition __consumer_offsets-27 from NewPartition to OnlinePartition with state LeaderAndIsr(leader=0, leaderEpoch=0, isrWithBrokerEpoch=List(BrokerState(brokerId=0, brokerEpoch=-1)), leaderRecoveryState=RECOVERED, partitionEpoch=0) (state.change.logger)
[2024-08-18 18:58:36,131] INFO [Controller id=0 epoch=1] Changed partition __consumer_offsets-7 from NewPartition to OnlinePartition with state LeaderAndIsr(leader=0, leaderEpoch=0, isrWithBrokerEpoch=List(BrokerState(brokerId=0, brokerEpoch=-1)), leaderRecoveryState=RECOVERED, partitionEpoch=0) (state.change.logger)
[2024-08-18 18:58:36,131] INFO [Controller id=0 epoch=1] Changed partition __consumer_offsets-9 from NewPartition to OnlinePartition with state LeaderAndIsr(leader=0, leaderEpoch=0, isrWithBrokerEpoch=List(BrokerState(brokerId=0, brokerEpoch=-1)), leaderRecoveryState=RECOVERED, partitionEpoch=0) (state.change.logger)
[2024-08-18 18:58:36,131] INFO [Controller id=0 epoch=1] Changed partition __consumer_offsets-46 from NewPartition to OnlinePartition with state LeaderAndIsr(leader=0, leaderEpoch=0, isrWithBrokerEpoch=List(BrokerState(brokerId=0, brokerEpoch=-1)), leaderRecoveryState=RECOVERED, partitionEpoch=0) (state.change.logger)
[2024-08-18 18:58:36,131] INFO [Controller id=0 epoch=1] Changed partition __consumer_offsets-25 from NewPartition to OnlinePartition with state LeaderAndIsr(leader=0, leaderEpoch=0, isrWithBrokerEpoch=List(BrokerState(brokerId=0, brokerEpoch=-1)), leaderRecoveryState=RECOVERED, partitionEpoch=0) (state.change.logger)
[2024-08-18 18:58:36,131] INFO [Controller id=0 epoch=1] Changed partition __consumer_offsets-35 from NewPartition to OnlinePartition with state LeaderAndIsr(leader=0, leaderEpoch=0, isrWithBrokerEpoch=List(BrokerState(brokerId=0, brokerEpoch=-1)), leaderRecoveryState=RECOVERED, partitionEpoch=0) (state.change.logger)
[2024-08-18 18:58:36,131] INFO [Controller id=0 epoch=1] Changed partition __consumer_offsets-41 from NewPartition to OnlinePartition with state LeaderAndIsr(leader=0, leaderEpoch=0, isrWithBrokerEpoch=List(BrokerState(brokerId=0, brokerEpoch=-1)), leaderRecoveryState=RECOVERED, partitionEpoch=0) (state.change.logger)
[2024-08-18 18:58:36,131] INFO [Controller id=0 epoch=1] Changed partition __consumer_offsets-33 from NewPartition to OnlinePartition with state LeaderAndIsr(leader=0, leaderEpoch=0, isrWithBrokerEpoch=List(BrokerState(brokerId=0, brokerEpoch=-1)), leaderRecoveryState=RECOVERED, partitionEpoch=0) (state.change.logger)
[2024-08-18 18:58:36,131] INFO [Controller id=0 epoch=1] Changed partition __consumer_offsets-23 from NewPartition to OnlinePartition with state LeaderAndIsr(leader=0, leaderEpoch=0, isrWithBrokerEpoch=List(BrokerState(brokerId=0, brokerEpoch=-1)), leaderRecoveryState=RECOVERED, partitionEpoch=0) (state.change.logger)
[2024-08-18 18:58:36,131] INFO [Controller id=0 epoch=1] Changed partition __consumer_offsets-49 from NewPartition to OnlinePartition with state LeaderAndIsr(leader=0, leaderEpoch=0, isrWithBrokerEpoch=List(BrokerState(brokerId=0, brokerEpoch=-1)), leaderRecoveryState=RECOVERED, partitionEpoch=0) (state.change.logger)
[2024-08-18 18:58:36,131] INFO [Controller id=0 epoch=1] Changed partition __consumer_offsets-47 from NewPartition to OnlinePartition with state LeaderAndIsr(leader=0, leaderEpoch=0, isrWithBrokerEpoch=List(BrokerState(brokerId=0, brokerEpoch=-1)), leaderRecoveryState=RECOVERED, partitionEpoch=0) (state.change.logger)
[2024-08-18 18:58:36,132] INFO [Controller id=0 epoch=1] Changed partition __consumer_offsets-16 from NewPartition to OnlinePartition with state LeaderAndIsr(leader=0, leaderEpoch=0, isrWithBrokerEpoch=List(BrokerState(brokerId=0, brokerEpoch=-1)), leaderRecoveryState=RECOVERED, partitionEpoch=0) (state.change.logger)
[2024-08-18 18:58:36,132] INFO [Controller id=0 epoch=1] Changed partition __consumer_offsets-28 from NewPartition to OnlinePartition with state LeaderAndIsr(leader=0, leaderEpoch=0, isrWithBrokerEpoch=List(BrokerState(brokerId=0, brokerEpoch=-1)), leaderRecoveryState=RECOVERED, partitionEpoch=0) (state.change.logger)
[2024-08-18 18:58:36,132] INFO [Controller id=0 epoch=1] Changed partition __consumer_offsets-31 from NewPartition to OnlinePartition with state LeaderAndIsr(leader=0, leaderEpoch=0, isrWithBrokerEpoch=List(BrokerState(brokerId=0, brokerEpoch=-1)), leaderRecoveryState=RECOVERED, partitionEpoch=0) (state.change.logger)
[2024-08-18 18:58:36,132] INFO [Controller id=0 epoch=1] Changed partition __consumer_offsets-36 from NewPartition to OnlinePartition with state LeaderAndIsr(leader=0, leaderEpoch=0, isrWithBrokerEpoch=List(BrokerState(brokerId=0, brokerEpoch=-1)), leaderRecoveryState=RECOVERED, partitionEpoch=0) (state.change.logger)
[2024-08-18 18:58:36,132] INFO [Controller id=0 epoch=1] Changed partition __consumer_offsets-42 from NewPartition to OnlinePartition with state LeaderAndIsr(leader=0, leaderEpoch=0, isrWithBrokerEpoch=List(BrokerState(brokerId=0, brokerEpoch=-1)), leaderRecoveryState=RECOVERED, partitionEpoch=0) (state.change.logger)
[2024-08-18 18:58:36,132] INFO [Controller id=0 epoch=1] Changed partition __consumer_offsets-3 from NewPartition to OnlinePartition with state LeaderAndIsr(leader=0, leaderEpoch=0, isrWithBrokerEpoch=List(BrokerState(brokerId=0, brokerEpoch=-1)), leaderRecoveryState=RECOVERED, partitionEpoch=0) (state.change.logger)
[2024-08-18 18:58:36,132] INFO [Controller id=0 epoch=1] Changed partition __consumer_offsets-18 from NewPartition to OnlinePartition with state LeaderAndIsr(leader=0, leaderEpoch=0, isrWithBrokerEpoch=List(BrokerState(brokerId=0, brokerEpoch=-1)), leaderRecoveryState=RECOVERED, partitionEpoch=0) (state.change.logger)
[2024-08-18 18:58:36,132] INFO [Controller id=0 epoch=1] Changed partition __consumer_offsets-37 from NewPartition to OnlinePartition with state LeaderAndIsr(leader=0, leaderEpoch=0, isrWithBrokerEpoch=List(BrokerState(brokerId=0, brokerEpoch=-1)), leaderRecoveryState=RECOVERED, partitionEpoch=0) (state.change.logger)
[2024-08-18 18:58:36,132] INFO [Controller id=0 epoch=1] Changed partition __consumer_offsets-15 from NewPartition to OnlinePartition with state LeaderAndIsr(leader=0, leaderEpoch=0, isrWithBrokerEpoch=List(BrokerState(brokerId=0, brokerEpoch=-1)), leaderRecoveryState=RECOVERED, partitionEpoch=0) (state.change.logger)
[2024-08-18 18:58:36,132] INFO [Controller id=0 epoch=1] Changed partition __consumer_offsets-24 from NewPartition to OnlinePartition with state LeaderAndIsr(leader=0, leaderEpoch=0, isrWithBrokerEpoch=List(BrokerState(brokerId=0, brokerEpoch=-1)), leaderRecoveryState=RECOVERED, partitionEpoch=0) (state.change.logger)
[2024-08-18 18:58:36,132] INFO [Controller id=0 epoch=1] Changed partition __consumer_offsets-38 from NewPartition to OnlinePartition with state LeaderAndIsr(leader=0, leaderEpoch=0, isrWithBrokerEpoch=List(BrokerState(brokerId=0, brokerEpoch=-1)), leaderRecoveryState=RECOVERED, partitionEpoch=0) (state.change.logger)
[2024-08-18 18:58:36,132] INFO [Controller id=0 epoch=1] Changed partition __consumer_offsets-17 from NewPartition to OnlinePartition with state LeaderAndIsr(leader=0, leaderEpoch=0, isrWithBrokerEpoch=List(BrokerState(brokerId=0, brokerEpoch=-1)), leaderRecoveryState=RECOVERED, partitionEpoch=0) (state.change.logger)
[2024-08-18 18:58:36,132] INFO [Controller id=0 epoch=1] Changed partition __consumer_offsets-48 from NewPartition to OnlinePartition with state LeaderAndIsr(leader=0, leaderEpoch=0, isrWithBrokerEpoch=List(BrokerState(brokerId=0, brokerEpoch=-1)), leaderRecoveryState=RECOVERED, partitionEpoch=0) (state.change.logger)
[2024-08-18 18:58:36,132] INFO [Controller id=0 epoch=1] Changed partition __consumer_offsets-19 from NewPartition to OnlinePartition with state LeaderAndIsr(leader=0, leaderEpoch=0, isrWithBrokerEpoch=List(BrokerState(brokerId=0, brokerEpoch=-1)), leaderRecoveryState=RECOVERED, partitionEpoch=0) (state.change.logger)
[2024-08-18 18:58:36,132] INFO [Controller id=0 epoch=1] Changed partition __consumer_offsets-11 from NewPartition to OnlinePartition with state LeaderAndIsr(leader=0, leaderEpoch=0, isrWithBrokerEpoch=List(BrokerState(brokerId=0, brokerEpoch=-1)), leaderRecoveryState=RECOVERED, partitionEpoch=0) (state.change.logger)
[2024-08-18 18:58:36,132] INFO [Controller id=0 epoch=1] Changed partition __consumer_offsets-13 from NewPartition to OnlinePartition with state LeaderAndIsr(leader=0, leaderEpoch=0, isrWithBrokerEpoch=List(BrokerState(brokerId=0, brokerEpoch=-1)), leaderRecoveryState=RECOVERED, partitionEpoch=0) (state.change.logger)
[2024-08-18 18:58:36,132] INFO [Controller id=0 epoch=1] Changed partition __consumer_offsets-2 from NewPartition to OnlinePartition with state LeaderAndIsr(leader=0, leaderEpoch=0, isrWithBrokerEpoch=List(BrokerState(brokerId=0, brokerEpoch=-1)), leaderRecoveryState=RECOVERED, partitionEpoch=0) (state.change.logger)
[2024-08-18 18:58:36,132] INFO [Controller id=0 epoch=1] Changed partition __consumer_offsets-43 from NewPartition to OnlinePartition with state LeaderAndIsr(leader=0, leaderEpoch=0, isrWithBrokerEpoch=List(BrokerState(brokerId=0, brokerEpoch=-1)), leaderRecoveryState=RECOVERED, partitionEpoch=0) (state.change.logger)
[2024-08-18 18:58:36,132] INFO [Controller id=0 epoch=1] Changed partition __consumer_offsets-6 from NewPartition to OnlinePartition with state LeaderAndIsr(leader=0, leaderEpoch=0, isrWithBrokerEpoch=List(BrokerState(brokerId=0, brokerEpoch=-1)), leaderRecoveryState=RECOVERED, partitionEpoch=0) (state.change.logger)
[2024-08-18 18:58:36,132] INFO [Controller id=0 epoch=1] Changed partition __consumer_offsets-14 from NewPartition to OnlinePartition with state LeaderAndIsr(leader=0, leaderEpoch=0, isrWithBrokerEpoch=List(BrokerState(brokerId=0, brokerEpoch=-1)), leaderRecoveryState=RECOVERED, partitionEpoch=0) (state.change.logger)
[2024-08-18 18:58:36,132] INFO [Controller id=0 epoch=1] Changed partition __consumer_offsets-20 from NewPartition to OnlinePartition with state LeaderAndIsr(leader=0, leaderEpoch=0, isrWithBrokerEpoch=List(BrokerState(brokerId=0, brokerEpoch=-1)), leaderRecoveryState=RECOVERED, partitionEpoch=0) (state.change.logger)
[2024-08-18 18:58:36,132] INFO [Controller id=0 epoch=1] Changed partition __consumer_offsets-0 from NewPartition to OnlinePartition with state LeaderAndIsr(leader=0, leaderEpoch=0, isrWithBrokerEpoch=List(BrokerState(brokerId=0, brokerEpoch=-1)), leaderRecoveryState=RECOVERED, partitionEpoch=0) (state.change.logger)
[2024-08-18 18:58:36,132] INFO [Controller id=0 epoch=1] Changed partition __consumer_offsets-44 from NewPartition to OnlinePartition with state LeaderAndIsr(leader=0, leaderEpoch=0, isrWithBrokerEpoch=List(BrokerState(brokerId=0, brokerEpoch=-1)), leaderRecoveryState=RECOVERED, partitionEpoch=0) (state.change.logger)
[2024-08-18 18:58:36,132] INFO [Controller id=0 epoch=1] Changed partition __consumer_offsets-39 from NewPartition to OnlinePartition with state LeaderAndIsr(leader=0, leaderEpoch=0, isrWithBrokerEpoch=List(BrokerState(brokerId=0, brokerEpoch=-1)), leaderRecoveryState=RECOVERED, partitionEpoch=0) (state.change.logger)
[2024-08-18 18:58:36,132] INFO [Controller id=0 epoch=1] Changed partition __consumer_offsets-12 from NewPartition to OnlinePartition with state LeaderAndIsr(leader=0, leaderEpoch=0, isrWithBrokerEpoch=List(BrokerState(brokerId=0, brokerEpoch=-1)), leaderRecoveryState=RECOVERED, partitionEpoch=0) (state.change.logger)
[2024-08-18 18:58:36,132] INFO [Controller id=0 epoch=1] Changed partition __consumer_offsets-45 from NewPartition to OnlinePartition with state LeaderAndIsr(leader=0, leaderEpoch=0, isrWithBrokerEpoch=List(BrokerState(brokerId=0, brokerEpoch=-1)), leaderRecoveryState=RECOVERED, partitionEpoch=0) (state.change.logger)
[2024-08-18 18:58:36,133] INFO [Controller id=0 epoch=1] Changed partition __consumer_offsets-1 from NewPartition to OnlinePartition with state LeaderAndIsr(leader=0, leaderEpoch=0, isrWithBrokerEpoch=List(BrokerState(brokerId=0, brokerEpoch=-1)), leaderRecoveryState=RECOVERED, partitionEpoch=0) (state.change.logger)
[2024-08-18 18:58:36,133] INFO [Controller id=0 epoch=1] Changed partition __consumer_offsets-5 from NewPartition to OnlinePartition with state LeaderAndIsr(leader=0, leaderEpoch=0, isrWithBrokerEpoch=List(BrokerState(brokerId=0, brokerEpoch=-1)), leaderRecoveryState=RECOVERED, partitionEpoch=0) (state.change.logger)
[2024-08-18 18:58:36,133] INFO [Controller id=0 epoch=1] Changed partition __consumer_offsets-26 from NewPartition to OnlinePartition with state LeaderAndIsr(leader=0, leaderEpoch=0, isrWithBrokerEpoch=List(BrokerState(brokerId=0, brokerEpoch=-1)), leaderRecoveryState=RECOVERED, partitionEpoch=0) (state.change.logger)
[2024-08-18 18:58:36,133] INFO [Controller id=0 epoch=1] Changed partition __consumer_offsets-29 from NewPartition to OnlinePartition with state LeaderAndIsr(leader=0, leaderEpoch=0, isrWithBrokerEpoch=List(BrokerState(brokerId=0, brokerEpoch=-1)), leaderRecoveryState=RECOVERED, partitionEpoch=0) (state.change.logger)
[2024-08-18 18:58:36,133] INFO [Controller id=0 epoch=1] Changed partition __consumer_offsets-34 from NewPartition to OnlinePartition with state LeaderAndIsr(leader=0, leaderEpoch=0, isrWithBrokerEpoch=List(BrokerState(brokerId=0, brokerEpoch=-1)), leaderRecoveryState=RECOVERED, partitionEpoch=0) (state.change.logger)
[2024-08-18 18:58:36,133] INFO [Controller id=0 epoch=1] Changed partition __consumer_offsets-10 from NewPartition to OnlinePartition with state LeaderAndIsr(leader=0, leaderEpoch=0, isrWithBrokerEpoch=List(BrokerState(brokerId=0, brokerEpoch=-1)), leaderRecoveryState=RECOVERED, partitionEpoch=0) (state.change.logger)
[2024-08-18 18:58:36,133] INFO [Controller id=0 epoch=1] Changed partition __consumer_offsets-32 from NewPartition to OnlinePartition with state LeaderAndIsr(leader=0, leaderEpoch=0, isrWithBrokerEpoch=List(BrokerState(brokerId=0, brokerEpoch=-1)), leaderRecoveryState=RECOVERED, partitionEpoch=0) (state.change.logger)
[2024-08-18 18:58:36,133] INFO [Controller id=0 epoch=1] Changed partition __consumer_offsets-40 from NewPartition to OnlinePartition with state LeaderAndIsr(leader=0, leaderEpoch=0, isrWithBrokerEpoch=List(BrokerState(brokerId=0, brokerEpoch=-1)), leaderRecoveryState=RECOVERED, partitionEpoch=0) (state.change.logger)
[2024-08-18 18:58:36,133] INFO [Controller id=0 epoch=1] Sending LeaderAndIsr request to broker 0 with 50 become-leader and 0 become-follower partitions (state.change.logger)
[2024-08-18 18:58:36,134] INFO [Controller id=0 epoch=1] Sending UpdateMetadata request to brokers Set(0) for 50 partitions (state.change.logger)
[2024-08-18 18:58:36,136] INFO [Controller id=0 epoch=1] Sending UpdateMetadata request to brokers Set() for 0 partitions (state.change.logger)
[2024-08-18 18:58:36,141] INFO [Controller id=0 epoch=1] Changed partition example-order-topic-0 state from NonExistentPartition to NewPartition with assigned replicas 0 (state.change.logger)
[2024-08-18 18:58:36,141] INFO [Controller id=0 epoch=1] Sending UpdateMetadata request to brokers Set() for 0 partitions (state.change.logger)
[2024-08-18 18:58:36,141] INFO [Controller id=0 epoch=1] Sending UpdateMetadata request to brokers Set() for 0 partitions (state.change.logger)
[2024-08-18 18:58:36,151] INFO [Controller id=0 epoch=1] Changed partition example-order-topic-0 from NewPartition to OnlinePartition with state LeaderAndIsr(leader=0, leaderEpoch=0, isrWithBrokerEpoch=List(BrokerState(brokerId=0, brokerEpoch=-1)), leaderRecoveryState=RECOVERED, partitionEpoch=0) (state.change.logger)
[2024-08-18 18:58:36,152] INFO [Controller id=0 epoch=1] Sending LeaderAndIsr request to broker 0 with 1 become-leader and 0 become-follower partitions (state.change.logger)
[2024-08-18 18:58:36,152] INFO [Controller id=0 epoch=1] Sending UpdateMetadata request to brokers Set(0) for 1 partitions (state.change.logger)
[2024-08-18 18:58:36,152] INFO [Controller id=0 epoch=1] Sending UpdateMetadata request to brokers Set() for 0 partitions (state.change.logger)
[2024-08-18 18:58:36,205] INFO [Broker id=0] Leader example-catalog-topic-0 with topic id Some(77BxJax_SxS0Dc7JsU52SA) starts at leader epoch 0 from offset 0 with partition epoch 0, high watermark 0, ISR [0], adding replicas [] and removing replicas [] . Previous leader None and previous leader epoch was -1. (state.change.logger)
[2024-08-18 18:58:36,225] INFO [Broker id=0] Finished LeaderAndIsr request in 231ms correlationId 1 from controller 0 for 1 partitions (state.change.logger)
[2024-08-18 18:58:36,235] INFO [Broker id=0] Add 1 partitions and deleted 0 partitions from metadata cache in response to UpdateMetadata request sent by controller 0 epoch 1 with correlation id 2 (state.change.logger)
[2024-08-18 18:58:36,238] INFO [Broker id=0] Handling LeaderAndIsr request correlationId 3 from controller 0 for 50 partitions (state.change.logger)
[2024-08-18 18:58:36,254] INFO [Broker id=0] Stopped fetchers as part of LeaderAndIsr request correlationId 3 from controller 0 epoch 1 as part of the become-leader transition for 50 partitions (state.change.logger)
[2024-08-18 18:58:36,269] INFO [Broker id=0] Leader __consumer_offsets-0 with topic id Some(RAoJXOT8SU2r0nBuGp7obQ) starts at leader epoch 0 from offset 0 with partition epoch 0, high watermark 0, ISR [0], adding replicas [] and removing replicas [] . Previous leader None and previous leader epoch was -1. (state.change.logger)
[2024-08-18 18:58:36,286] INFO [Broker id=0] Leader __consumer_offsets-29 with topic id Some(RAoJXOT8SU2r0nBuGp7obQ) starts at leader epoch 0 from offset 0 with partition epoch 0, high watermark 0, ISR [0], adding replicas [] and removing replicas [] . Previous leader None and previous leader epoch was -1. (state.change.logger)
[2024-08-18 18:58:36,303] INFO [Broker id=0] Leader __consumer_offsets-48 with topic id Some(RAoJXOT8SU2r0nBuGp7obQ) starts at leader epoch 0 from offset 0 with partition epoch 0, high watermark 0, ISR [0], adding replicas [] and removing replicas [] . Previous leader None and previous leader epoch was -1. (state.change.logger)
[2024-08-18 18:58:36,319] INFO [Broker id=0] Leader __consumer_offsets-10 with topic id Some(RAoJXOT8SU2r0nBuGp7obQ) starts at leader epoch 0 from offset 0 with partition epoch 0, high watermark 0, ISR [0], adding replicas [] and removing replicas [] . Previous leader None and previous leader epoch was -1. (state.change.logger)
[2024-08-18 18:58:36,335] INFO [Broker id=0] Leader __consumer_offsets-45 with topic id Some(RAoJXOT8SU2r0nBuGp7obQ) starts at leader epoch 0 from offset 0 with partition epoch 0, high watermark 0, ISR [0], adding replicas [] and removing replicas [] . Previous leader None and previous leader epoch was -1. (state.change.logger)
[2024-08-18 18:58:36,350] INFO [Broker id=0] Leader __consumer_offsets-26 with topic id Some(RAoJXOT8SU2r0nBuGp7obQ) starts at leader epoch 0 from offset 0 with partition epoch 0, high watermark 0, ISR [0], adding replicas [] and removing replicas [] . Previous leader None and previous leader epoch was -1. (state.change.logger)
[2024-08-18 18:58:36,367] INFO [Broker id=0] Leader __consumer_offsets-7 with topic id Some(RAoJXOT8SU2r0nBuGp7obQ) starts at leader epoch 0 from offset 0 with partition epoch 0, high watermark 0, ISR [0], adding replicas [] and removing replicas [] . Previous leader None and previous leader epoch was -1. (state.change.logger)
[2024-08-18 18:58:36,382] INFO [Broker id=0] Leader __consumer_offsets-42 with topic id Some(RAoJXOT8SU2r0nBuGp7obQ) starts at leader epoch 0 from offset 0 with partition epoch 0, high watermark 0, ISR [0], adding replicas [] and removing replicas [] . Previous leader None and previous leader epoch was -1. (state.change.logger)
[2024-08-18 18:58:36,397] INFO [Broker id=0] Leader __consumer_offsets-4 with topic id Some(RAoJXOT8SU2r0nBuGp7obQ) starts at leader epoch 0 from offset 0 with partition epoch 0, high watermark 0, ISR [0], adding replicas [] and removing replicas [] . Previous leader None and previous leader epoch was -1. (state.change.logger)
[2024-08-18 18:58:36,415] INFO [Broker id=0] Leader __consumer_offsets-23 with topic id Some(RAoJXOT8SU2r0nBuGp7obQ) starts at leader epoch 0 from offset 0 with partition epoch 0, high watermark 0, ISR [0], adding replicas [] and removing replicas [] . Previous leader None and previous leader epoch was -1. (state.change.logger)
[2024-08-18 18:58:36,432] INFO [Broker id=0] Leader __consumer_offsets-1 with topic id Some(RAoJXOT8SU2r0nBuGp7obQ) starts at leader epoch 0 from offset 0 with partition epoch 0, high watermark 0, ISR [0], adding replicas [] and removing replicas [] . Previous leader None and previous leader epoch was -1. (state.change.logger)
[2024-08-18 18:58:36,447] INFO [Broker id=0] Leader __consumer_offsets-20 with topic id Some(RAoJXOT8SU2r0nBuGp7obQ) starts at leader epoch 0 from offset 0 with partition epoch 0, high watermark 0, ISR [0], adding replicas [] and removing replicas [] . Previous leader None and previous leader epoch was -1. (state.change.logger)
[2024-08-18 18:58:36,464] INFO [Broker id=0] Leader __consumer_offsets-39 with topic id Some(RAoJXOT8SU2r0nBuGp7obQ) starts at leader epoch 0 from offset 0 with partition epoch 0, high watermark 0, ISR [0], adding replicas [] and removing replicas [] . Previous leader None and previous leader epoch was -1. (state.change.logger)
[2024-08-18 18:58:36,481] INFO [Broker id=0] Leader __consumer_offsets-17 with topic id Some(RAoJXOT8SU2r0nBuGp7obQ) starts at leader epoch 0 from offset 0 with partition epoch 0, high watermark 0, ISR [0], adding replicas [] and removing replicas [] . Previous leader None and previous leader epoch was -1. (state.change.logger)
[2024-08-18 18:58:36,496] INFO [Broker id=0] Leader __consumer_offsets-36 with topic id Some(RAoJXOT8SU2r0nBuGp7obQ) starts at leader epoch 0 from offset 0 with partition epoch 0, high watermark 0, ISR [0], adding replicas [] and removing replicas [] . Previous leader None and previous leader epoch was -1. (state.change.logger)
[2024-08-18 18:58:36,511] INFO [Broker id=0] Leader __consumer_offsets-14 with topic id Some(RAoJXOT8SU2r0nBuGp7obQ) starts at leader epoch 0 from offset 0 with partition epoch 0, high watermark 0, ISR [0], adding replicas [] and removing replicas [] . Previous leader None and previous leader epoch was -1. (state.change.logger)
[2024-08-18 18:58:36,530] INFO [Broker id=0] Leader __consumer_offsets-33 with topic id Some(RAoJXOT8SU2r0nBuGp7obQ) starts at leader epoch 0 from offset 0 with partition epoch 0, high watermark 0, ISR [0], adding replicas [] and removing replicas [] . Previous leader None and previous leader epoch was -1. (state.change.logger)
[2024-08-18 18:58:36,545] INFO [Broker id=0] Leader __consumer_offsets-49 with topic id Some(RAoJXOT8SU2r0nBuGp7obQ) starts at leader epoch 0 from offset 0 with partition epoch 0, high watermark 0, ISR [0], adding replicas [] and removing replicas [] . Previous leader None and previous leader epoch was -1. (state.change.logger)
[2024-08-18 18:58:36,561] INFO [Broker id=0] Leader __consumer_offsets-11 with topic id Some(RAoJXOT8SU2r0nBuGp7obQ) starts at leader epoch 0 from offset 0 with partition epoch 0, high watermark 0, ISR [0], adding replicas [] and removing replicas [] . Previous leader None and previous leader epoch was -1. (state.change.logger)
[2024-08-18 18:58:36,578] INFO [Broker id=0] Leader __consumer_offsets-30 with topic id Some(RAoJXOT8SU2r0nBuGp7obQ) starts at leader epoch 0 from offset 0 with partition epoch 0, high watermark 0, ISR [0], adding replicas [] and removing replicas [] . Previous leader None and previous leader epoch was -1. (state.change.logger)
[2024-08-18 18:58:36,595] INFO [Broker id=0] Leader __consumer_offsets-46 with topic id Some(RAoJXOT8SU2r0nBuGp7obQ) starts at leader epoch 0 from offset 0 with partition epoch 0, high watermark 0, ISR [0], adding replicas [] and removing replicas [] . Previous leader None and previous leader epoch was -1. (state.change.logger)
[2024-08-18 18:58:36,611] INFO [Broker id=0] Leader __consumer_offsets-27 with topic id Some(RAoJXOT8SU2r0nBuGp7obQ) starts at leader epoch 0 from offset 0 with partition epoch 0, high watermark 0, ISR [0], adding replicas [] and removing replicas [] . Previous leader None and previous leader epoch was -1. (state.change.logger)
[2024-08-18 18:58:36,625] INFO [Broker id=0] Leader __consumer_offsets-8 with topic id Some(RAoJXOT8SU2r0nBuGp7obQ) starts at leader epoch 0 from offset 0 with partition epoch 0, high watermark 0, ISR [0], adding replicas [] and removing replicas [] . Previous leader None and previous leader epoch was -1. (state.change.logger)
[2024-08-18 18:58:36,641] INFO [Broker id=0] Leader __consumer_offsets-24 with topic id Some(RAoJXOT8SU2r0nBuGp7obQ) starts at leader epoch 0 from offset 0 with partition epoch 0, high watermark 0, ISR [0], adding replicas [] and removing replicas [] . Previous leader None and previous leader epoch was -1. (state.change.logger)
[2024-08-18 18:58:36,661] INFO [Broker id=0] Leader __consumer_offsets-43 with topic id Some(RAoJXOT8SU2r0nBuGp7obQ) starts at leader epoch 0 from offset 0 with partition epoch 0, high watermark 0, ISR [0], adding replicas [] and removing replicas [] . Previous leader None and previous leader epoch was -1. (state.change.logger)
[2024-08-18 18:58:36,678] INFO [Broker id=0] Leader __consumer_offsets-5 with topic id Some(RAoJXOT8SU2r0nBuGp7obQ) starts at leader epoch 0 from offset 0 with partition epoch 0, high watermark 0, ISR [0], adding replicas [] and removing replicas [] . Previous leader None and previous leader epoch was -1. (state.change.logger)
[2024-08-18 18:58:36,693] INFO [Broker id=0] Leader __consumer_offsets-21 with topic id Some(RAoJXOT8SU2r0nBuGp7obQ) starts at leader epoch 0 from offset 0 with partition epoch 0, high watermark 0, ISR [0], adding replicas [] and removing replicas [] . Previous leader None and previous leader epoch was -1. (state.change.logger)
[2024-08-18 18:58:36,707] INFO [Broker id=0] Leader __consumer_offsets-40 with topic id Some(RAoJXOT8SU2r0nBuGp7obQ) starts at leader epoch 0 from offset 0 with partition epoch 0, high watermark 0, ISR [0], adding replicas [] and removing replicas [] . Previous leader None and previous leader epoch was -1. (state.change.logger)
[2024-08-18 18:58:36,722] INFO [Broker id=0] Leader __consumer_offsets-2 with topic id Some(RAoJXOT8SU2r0nBuGp7obQ) starts at leader epoch 0 from offset 0 with partition epoch 0, high watermark 0, ISR [0], adding replicas [] and removing replicas [] . Previous leader None and previous leader epoch was -1. (state.change.logger)
[2024-08-18 18:58:36,739] INFO [Broker id=0] Leader __consumer_offsets-37 with topic id Some(RAoJXOT8SU2r0nBuGp7obQ) starts at leader epoch 0 from offset 0 with partition epoch 0, high watermark 0, ISR [0], adding replicas [] and removing replicas [] . Previous leader None and previous leader epoch was -1. (state.change.logger)
[2024-08-18 18:58:36,760] INFO [Broker id=0] Leader __consumer_offsets-18 with topic id Some(RAoJXOT8SU2r0nBuGp7obQ) starts at leader epoch 0 from offset 0 with partition epoch 0, high watermark 0, ISR [0], adding replicas [] and removing replicas [] . Previous leader None and previous leader epoch was -1. (state.change.logger)
[2024-08-18 18:58:36,778] INFO [Broker id=0] Leader __consumer_offsets-34 with topic id Some(RAoJXOT8SU2r0nBuGp7obQ) starts at leader epoch 0 from offset 0 with partition epoch 0, high watermark 0, ISR [0], adding replicas [] and removing replicas [] . Previous leader None and previous leader epoch was -1. (state.change.logger)
[2024-08-18 18:58:36,795] INFO [Broker id=0] Leader __consumer_offsets-15 with topic id Some(RAoJXOT8SU2r0nBuGp7obQ) starts at leader epoch 0 from offset 0 with partition epoch 0, high watermark 0, ISR [0], adding replicas [] and removing replicas [] . Previous leader None and previous leader epoch was -1. (state.change.logger)
[2024-08-18 18:58:36,808] INFO [Broker id=0] Leader __consumer_offsets-12 with topic id Some(RAoJXOT8SU2r0nBuGp7obQ) starts at leader epoch 0 from offset 0 with partition epoch 0, high watermark 0, ISR [0], adding replicas [] and removing replicas [] . Previous leader None and previous leader epoch was -1. (state.change.logger)
[2024-08-18 18:58:36,824] INFO [Broker id=0] Leader __consumer_offsets-31 with topic id Some(RAoJXOT8SU2r0nBuGp7obQ) starts at leader epoch 0 from offset 0 with partition epoch 0, high watermark 0, ISR [0], adding replicas [] and removing replicas [] . Previous leader None and previous leader epoch was -1. (state.change.logger)
[2024-08-18 18:58:36,838] INFO [Broker id=0] Leader __consumer_offsets-9 with topic id Some(RAoJXOT8SU2r0nBuGp7obQ) starts at leader epoch 0 from offset 0 with partition epoch 0, high watermark 0, ISR [0], adding replicas [] and removing replicas [] . Previous leader None and previous leader epoch was -1. (state.change.logger)
[2024-08-18 18:58:36,855] INFO [Broker id=0] Leader __consumer_offsets-47 with topic id Some(RAoJXOT8SU2r0nBuGp7obQ) starts at leader epoch 0 from offset 0 with partition epoch 0, high watermark 0, ISR [0], adding replicas [] and removing replicas [] . Previous leader None and previous leader epoch was -1. (state.change.logger)
[2024-08-18 18:58:36,871] INFO [Broker id=0] Leader __consumer_offsets-19 with topic id Some(RAoJXOT8SU2r0nBuGp7obQ) starts at leader epoch 0 from offset 0 with partition epoch 0, high watermark 0, ISR [0], adding replicas [] and removing replicas [] . Previous leader None and previous leader epoch was -1. (state.change.logger)
[2024-08-18 18:58:36,886] INFO [Broker id=0] Leader __consumer_offsets-28 with topic id Some(RAoJXOT8SU2r0nBuGp7obQ) starts at leader epoch 0 from offset 0 with partition epoch 0, high watermark 0, ISR [0], adding replicas [] and removing replicas [] . Previous leader None and previous leader epoch was -1. (state.change.logger)
[2024-08-18 18:58:36,902] INFO [Broker id=0] Leader __consumer_offsets-38 with topic id Some(RAoJXOT8SU2r0nBuGp7obQ) starts at leader epoch 0 from offset 0 with partition epoch 0, high watermark 0, ISR [0], adding replicas [] and removing replicas [] . Previous leader None and previous leader epoch was -1. (state.change.logger)
[2024-08-18 18:58:36,918] INFO [Broker id=0] Leader __consumer_offsets-35 with topic id Some(RAoJXOT8SU2r0nBuGp7obQ) starts at leader epoch 0 from offset 0 with partition epoch 0, high watermark 0, ISR [0], adding replicas [] and removing replicas [] . Previous leader None and previous leader epoch was -1. (state.change.logger)
[2024-08-18 18:58:36,932] INFO [Broker id=0] Leader __consumer_offsets-6 with topic id Some(RAoJXOT8SU2r0nBuGp7obQ) starts at leader epoch 0 from offset 0 with partition epoch 0, high watermark 0, ISR [0], adding replicas [] and removing replicas [] . Previous leader None and previous leader epoch was -1. (state.change.logger)
[2024-08-18 18:58:36,947] INFO [Broker id=0] Leader __consumer_offsets-44 with topic id Some(RAoJXOT8SU2r0nBuGp7obQ) starts at leader epoch 0 from offset 0 with partition epoch 0, high watermark 0, ISR [0], adding replicas [] and removing replicas [] . Previous leader None and previous leader epoch was -1. (state.change.logger)
[2024-08-18 18:58:36,964] INFO [Broker id=0] Leader __consumer_offsets-25 with topic id Some(RAoJXOT8SU2r0nBuGp7obQ) starts at leader epoch 0 from offset 0 with partition epoch 0, high watermark 0, ISR [0], adding replicas [] and removing replicas [] . Previous leader None and previous leader epoch was -1. (state.change.logger)
[2024-08-18 18:58:36,981] INFO [Broker id=0] Leader __consumer_offsets-16 with topic id Some(RAoJXOT8SU2r0nBuGp7obQ) starts at leader epoch 0 from offset 0 with partition epoch 0, high watermark 0, ISR [0], adding replicas [] and removing replicas [] . Previous leader None and previous leader epoch was -1. (state.change.logger)
[2024-08-18 18:58:36,997] INFO [Broker id=0] Leader __consumer_offsets-22 with topic id Some(RAoJXOT8SU2r0nBuGp7obQ) starts at leader epoch 0 from offset 0 with partition epoch 0, high watermark 0, ISR [0], adding replicas [] and removing replicas [] . Previous leader None and previous leader epoch was -1. (state.change.logger)
[2024-08-18 18:58:37,013] INFO [Broker id=0] Leader __consumer_offsets-41 with topic id Some(RAoJXOT8SU2r0nBuGp7obQ) starts at leader epoch 0 from offset 0 with partition epoch 0, high watermark 0, ISR [0], adding replicas [] and removing replicas [] . Previous leader None and previous leader epoch was -1. (state.change.logger)
[2024-08-18 18:58:37,031] INFO [Broker id=0] Leader __consumer_offsets-32 with topic id Some(RAoJXOT8SU2r0nBuGp7obQ) starts at leader epoch 0 from offset 0 with partition epoch 0, high watermark 0, ISR [0], adding replicas [] and removing replicas [] . Previous leader None and previous leader epoch was -1. (state.change.logger)
[2024-08-18 18:58:37,044] INFO [Broker id=0] Leader __consumer_offsets-3 with topic id Some(RAoJXOT8SU2r0nBuGp7obQ) starts at leader epoch 0 from offset 0 with partition epoch 0, high watermark 0, ISR [0], adding replicas [] and removing replicas [] . Previous leader None and previous leader epoch was -1. (state.change.logger)
[2024-08-18 18:58:37,059] INFO [Broker id=0] Leader __consumer_offsets-13 with topic id Some(RAoJXOT8SU2r0nBuGp7obQ) starts at leader epoch 0 from offset 0 with partition epoch 0, high watermark 0, ISR [0], adding replicas [] and removing replicas [] . Previous leader None and previous leader epoch was -1. (state.change.logger)
[2024-08-18 18:58:37,085] INFO [Broker id=0] Finished LeaderAndIsr request in 847ms correlationId 3 from controller 0 for 50 partitions (state.change.logger)
[2024-08-18 18:58:37,087] INFO [Broker id=0] Add 50 partitions and deleted 0 partitions from metadata cache in response to UpdateMetadata request sent by controller 0 epoch 1 with correlation id 4 (state.change.logger)
[2024-08-18 18:58:37,088] INFO [Broker id=0] Handling LeaderAndIsr request correlationId 5 from controller 0 for 1 partitions (state.change.logger)
[2024-08-18 18:58:37,089] INFO [Broker id=0] Stopped fetchers as part of LeaderAndIsr request correlationId 5 from controller 0 epoch 1 as part of the become-leader transition for 1 partitions (state.change.logger)
[2024-08-18 18:58:37,101] INFO [Broker id=0] Leader example-order-topic-0 with topic id Some(ChZMRwHSRHiJwo80JbROwA) starts at leader epoch 0 from offset 0 with partition epoch 0, high watermark 0, ISR [0], adding replicas [] and removing replicas [] . Previous leader None and previous leader epoch was -1. (state.change.logger)
[2024-08-18 18:58:37,104] INFO [Broker id=0] Finished LeaderAndIsr request in 16ms correlationId 5 from controller 0 for 1 partitions (state.change.logger)
[2024-08-18 18:58:37,106] INFO [Broker id=0] Add 1 partitions and deleted 0 partitions from metadata cache in response to UpdateMetadata request sent by controller 0 epoch 1 with correlation id 6 (state.change.logger)
[2024-08-18 18:58:42,087] INFO [Controller id=0 epoch=1] Sending UpdateMetadata request to brokers Set() for 0 partitions (state.change.logger)
[2024-08-18 18:59:13,071] INFO [Controller id=0 epoch=2] Sending UpdateMetadata request to brokers Set(0) for 0 partitions (state.change.logger)
[2024-08-18 18:59:13,139] INFO [Controller id=0 epoch=2] Sending LeaderAndIsr request to broker 0 with 52 become-leader and 0 become-follower partitions (state.change.logger)
[2024-08-18 18:59:13,142] INFO [Controller id=0 epoch=2] Sending UpdateMetadata request to brokers Set(0) for 52 partitions (state.change.logger)
[2024-08-18 18:59:13,623] INFO [Broker id=0] Handling LeaderAndIsr request correlationId 1 from controller 0 for 52 partitions (state.change.logger)
[2024-08-18 18:59:13,659] INFO [Broker id=0] Stopped fetchers as part of LeaderAndIsr request correlationId 1 from controller 0 epoch 2 as part of the become-leader transition for 52 partitions (state.change.logger)
[2024-08-18 18:59:13,675] INFO [Broker id=0] Leader __consumer_offsets-0 with topic id Some(RAoJXOT8SU2r0nBuGp7obQ) starts at leader epoch 0 from offset 0 with partition epoch 0, high watermark 0, ISR [0], adding replicas [] and removing replicas [] . Previous leader None and previous leader epoch was -1. (state.change.logger)
[2024-08-18 18:59:13,686] INFO [Broker id=0] Leader __consumer_offsets-29 with topic id Some(RAoJXOT8SU2r0nBuGp7obQ) starts at leader epoch 0 from offset 0 with partition epoch 0, high watermark 0, ISR [0], adding replicas [] and removing replicas [] . Previous leader None and previous leader epoch was -1. (state.change.logger)
[2024-08-18 18:59:13,692] INFO [Broker id=0] Leader __consumer_offsets-48 with topic id Some(RAoJXOT8SU2r0nBuGp7obQ) starts at leader epoch 0 from offset 0 with partition epoch 0, high watermark 0, ISR [0], adding replicas [] and removing replicas [] . Previous leader None and previous leader epoch was -1. (state.change.logger)
[2024-08-18 18:59:13,696] INFO [Broker id=0] Leader __consumer_offsets-10 with topic id Some(RAoJXOT8SU2r0nBuGp7obQ) starts at leader epoch 0 from offset 0 with partition epoch 0, high watermark 0, ISR [0], adding replicas [] and removing replicas [] . Previous leader None and previous leader epoch was -1. (state.change.logger)
[2024-08-18 18:59:13,699] INFO [Broker id=0] Leader __consumer_offsets-45 with topic id Some(RAoJXOT8SU2r0nBuGp7obQ) starts at leader epoch 0 from offset 0 with partition epoch 0, high watermark 0, ISR [0], adding replicas [] and removing replicas [] . Previous leader None and previous leader epoch was -1. (state.change.logger)
[2024-08-18 18:59:13,705] INFO [Broker id=0] Leader __consumer_offsets-26 with topic id Some(RAoJXOT8SU2r0nBuGp7obQ) starts at leader epoch 0 from offset 0 with partition epoch 0, high watermark 0, ISR [0], adding replicas [] and removing replicas [] . Previous leader None and previous leader epoch was -1. (state.change.logger)
[2024-08-18 18:59:13,708] INFO [Broker id=0] Leader __consumer_offsets-7 with topic id Some(RAoJXOT8SU2r0nBuGp7obQ) starts at leader epoch 0 from offset 0 with partition epoch 0, high watermark 0, ISR [0], adding replicas [] and removing replicas [] . Previous leader None and previous leader epoch was -1. (state.change.logger)
[2024-08-18 18:59:13,711] INFO [Broker id=0] Leader __consumer_offsets-42 with topic id Some(RAoJXOT8SU2r0nBuGp7obQ) starts at leader epoch 0 from offset 0 with partition epoch 0, high watermark 0, ISR [0], adding replicas [] and removing replicas [] . Previous leader None and previous leader epoch was -1. (state.change.logger)
[2024-08-18 18:59:13,715] INFO [Broker id=0] Leader __consumer_offsets-4 with topic id Some(RAoJXOT8SU2r0nBuGp7obQ) starts at leader epoch 0 from offset 0 with partition epoch 0, high watermark 0, ISR [0], adding replicas [] and removing replicas [] . Previous leader None and previous leader epoch was -1. (state.change.logger)
[2024-08-18 18:59:13,718] INFO [Broker id=0] Leader __consumer_offsets-23 with topic id Some(RAoJXOT8SU2r0nBuGp7obQ) starts at leader epoch 0 from offset 0 with partition epoch 0, high watermark 0, ISR [0], adding replicas [] and removing replicas [] . Previous leader None and previous leader epoch was -1. (state.change.logger)
[2024-08-18 18:59:13,722] INFO [Broker id=0] Leader __consumer_offsets-1 with topic id Some(RAoJXOT8SU2r0nBuGp7obQ) starts at leader epoch 0 from offset 0 with partition epoch 0, high watermark 0, ISR [0], adding replicas [] and removing replicas [] . Previous leader None and previous leader epoch was -1. (state.change.logger)
[2024-08-18 18:59:13,725] INFO [Broker id=0] Leader __consumer_offsets-20 with topic id Some(RAoJXOT8SU2r0nBuGp7obQ) starts at leader epoch 0 from offset 3 with partition epoch 0, high watermark 3, ISR [0], adding replicas [] and removing replicas [] . Previous leader None and previous leader epoch was -1. (state.change.logger)
[2024-08-18 18:59:13,726] INFO [Broker id=0] Leader __consumer_offsets-39 with topic id Some(RAoJXOT8SU2r0nBuGp7obQ) starts at leader epoch 0 from offset 0 with partition epoch 0, high watermark 0, ISR [0], adding replicas [] and removing replicas [] . Previous leader None and previous leader epoch was -1. (state.change.logger)
[2024-08-18 18:59:13,730] INFO [Broker id=0] Leader __consumer_offsets-17 with topic id Some(RAoJXOT8SU2r0nBuGp7obQ) starts at leader epoch 0 from offset 0 with partition epoch 0, high watermark 0, ISR [0], adding replicas [] and removing replicas [] . Previous leader None and previous leader epoch was -1. (state.change.logger)
[2024-08-18 18:59:13,734] INFO [Broker id=0] Leader __consumer_offsets-36 with topic id Some(RAoJXOT8SU2r0nBuGp7obQ) starts at leader epoch 0 from offset 0 with partition epoch 0, high watermark 0, ISR [0], adding replicas [] and removing replicas [] . Previous leader None and previous leader epoch was -1. (state.change.logger)
[2024-08-18 18:59:13,737] INFO [Broker id=0] Leader __consumer_offsets-14 with topic id Some(RAoJXOT8SU2r0nBuGp7obQ) starts at leader epoch 0 from offset 0 with partition epoch 0, high watermark 0, ISR [0], adding replicas [] and removing replicas [] . Previous leader None and previous leader epoch was -1. (state.change.logger)
[2024-08-18 18:59:13,741] INFO [Broker id=0] Leader __consumer_offsets-33 with topic id Some(RAoJXOT8SU2r0nBuGp7obQ) starts at leader epoch 0 from offset 0 with partition epoch 0, high watermark 0, ISR [0], adding replicas [] and removing replicas [] . Previous leader None and previous leader epoch was -1. (state.change.logger)
[2024-08-18 18:59:13,745] INFO [Broker id=0] Leader example-catalog-topic-0 with topic id Some(77BxJax_SxS0Dc7JsU52SA) starts at leader epoch 0 from offset 0 with partition epoch 0, high watermark 0, ISR [0], adding replicas [] and removing replicas [] . Previous leader None and previous leader epoch was -1. (state.change.logger)
[2024-08-18 18:59:13,749] INFO [Broker id=0] Leader __consumer_offsets-49 with topic id Some(RAoJXOT8SU2r0nBuGp7obQ) starts at leader epoch 0 from offset 0 with partition epoch 0, high watermark 0, ISR [0], adding replicas [] and removing replicas [] . Previous leader None and previous leader epoch was -1. (state.change.logger)
[2024-08-18 18:59:13,754] INFO [Broker id=0] Leader __consumer_offsets-11 with topic id Some(RAoJXOT8SU2r0nBuGp7obQ) starts at leader epoch 0 from offset 0 with partition epoch 0, high watermark 0, ISR [0], adding replicas [] and removing replicas [] . Previous leader None and previous leader epoch was -1. (state.change.logger)
[2024-08-18 18:59:13,758] INFO [Broker id=0] Leader __consumer_offsets-30 with topic id Some(RAoJXOT8SU2r0nBuGp7obQ) starts at leader epoch 0 from offset 0 with partition epoch 0, high watermark 0, ISR [0], adding replicas [] and removing replicas [] . Previous leader None and previous leader epoch was -1. (state.change.logger)
[2024-08-18 18:59:13,761] INFO [Broker id=0] Leader __consumer_offsets-46 with topic id Some(RAoJXOT8SU2r0nBuGp7obQ) starts at leader epoch 0 from offset 0 with partition epoch 0, high watermark 0, ISR [0], adding replicas [] and removing replicas [] . Previous leader None and previous leader epoch was -1. (state.change.logger)
[2024-08-18 18:59:13,764] INFO [Broker id=0] Leader __consumer_offsets-27 with topic id Some(RAoJXOT8SU2r0nBuGp7obQ) starts at leader epoch 0 from offset 0 with partition epoch 0, high watermark 0, ISR [0], adding replicas [] and removing replicas [] . Previous leader None and previous leader epoch was -1. (state.change.logger)
[2024-08-18 18:59:13,769] INFO [Broker id=0] Leader __consumer_offsets-8 with topic id Some(RAoJXOT8SU2r0nBuGp7obQ) starts at leader epoch 0 from offset 0 with partition epoch 0, high watermark 0, ISR [0], adding replicas [] and removing replicas [] . Previous leader None and previous leader epoch was -1. (state.change.logger)
[2024-08-18 18:59:13,773] INFO [Broker id=0] Leader __consumer_offsets-24 with topic id Some(RAoJXOT8SU2r0nBuGp7obQ) starts at leader epoch 0 from offset 0 with partition epoch 0, high watermark 0, ISR [0], adding replicas [] and removing replicas [] . Previous leader None and previous leader epoch was -1. (state.change.logger)
[2024-08-18 18:59:13,777] INFO [Broker id=0] Leader __consumer_offsets-43 with topic id Some(RAoJXOT8SU2r0nBuGp7obQ) starts at leader epoch 0 from offset 0 with partition epoch 0, high watermark 0, ISR [0], adding replicas [] and removing replicas [] . Previous leader None and previous leader epoch was -1. (state.change.logger)
[2024-08-18 18:59:13,780] INFO [Broker id=0] Leader __consumer_offsets-5 with topic id Some(RAoJXOT8SU2r0nBuGp7obQ) starts at leader epoch 0 from offset 0 with partition epoch 0, high watermark 0, ISR [0], adding replicas [] and removing replicas [] . Previous leader None and previous leader epoch was -1. (state.change.logger)
[2024-08-18 18:59:13,783] INFO [Broker id=0] Leader __consumer_offsets-21 with topic id Some(RAoJXOT8SU2r0nBuGp7obQ) starts at leader epoch 0 from offset 0 with partition epoch 0, high watermark 0, ISR [0], adding replicas [] and removing replicas [] . Previous leader None and previous leader epoch was -1. (state.change.logger)
[2024-08-18 18:59:13,787] INFO [Broker id=0] Leader __consumer_offsets-40 with topic id Some(RAoJXOT8SU2r0nBuGp7obQ) starts at leader epoch 0 from offset 0 with partition epoch 0, high watermark 0, ISR [0], adding replicas [] and removing replicas [] . Previous leader None and previous leader epoch was -1. (state.change.logger)
[2024-08-18 18:59:13,791] INFO [Broker id=0] Leader __consumer_offsets-2 with topic id Some(RAoJXOT8SU2r0nBuGp7obQ) starts at leader epoch 0 from offset 0 with partition epoch 0, high watermark 0, ISR [0], adding replicas [] and removing replicas [] . Previous leader None and previous leader epoch was -1. (state.change.logger)
[2024-08-18 18:59:13,794] INFO [Broker id=0] Leader __consumer_offsets-37 with topic id Some(RAoJXOT8SU2r0nBuGp7obQ) starts at leader epoch 0 from offset 0 with partition epoch 0, high watermark 0, ISR [0], adding replicas [] and removing replicas [] . Previous leader None and previous leader epoch was -1. (state.change.logger)
[2024-08-18 18:59:13,798] INFO [Broker id=0] Leader __consumer_offsets-18 with topic id Some(RAoJXOT8SU2r0nBuGp7obQ) starts at leader epoch 0 from offset 0 with partition epoch 0, high watermark 0, ISR [0], adding replicas [] and removing replicas [] . Previous leader None and previous leader epoch was -1. (state.change.logger)
[2024-08-18 18:59:13,801] INFO [Broker id=0] Leader example-order-topic-0 with topic id Some(ChZMRwHSRHiJwo80JbROwA) starts at leader epoch 0 from offset 0 with partition epoch 0, high watermark 0, ISR [0], adding replicas [] and removing replicas [] . Previous leader None and previous leader epoch was -1. (state.change.logger)
[2024-08-18 18:59:13,805] INFO [Broker id=0] Leader __consumer_offsets-34 with topic id Some(RAoJXOT8SU2r0nBuGp7obQ) starts at leader epoch 0 from offset 0 with partition epoch 0, high watermark 0, ISR [0], adding replicas [] and removing replicas [] . Previous leader None and previous leader epoch was -1. (state.change.logger)
[2024-08-18 18:59:13,809] INFO [Broker id=0] Leader __consumer_offsets-15 with topic id Some(RAoJXOT8SU2r0nBuGp7obQ) starts at leader epoch 0 from offset 0 with partition epoch 0, high watermark 0, ISR [0], adding replicas [] and removing replicas [] . Previous leader None and previous leader epoch was -1. (state.change.logger)
[2024-08-18 18:59:13,813] INFO [Broker id=0] Leader __consumer_offsets-12 with topic id Some(RAoJXOT8SU2r0nBuGp7obQ) starts at leader epoch 0 from offset 0 with partition epoch 0, high watermark 0, ISR [0], adding replicas [] and removing replicas [] . Previous leader None and previous leader epoch was -1. (state.change.logger)
[2024-08-18 18:59:13,817] INFO [Broker id=0] Leader __consumer_offsets-31 with topic id Some(RAoJXOT8SU2r0nBuGp7obQ) starts at leader epoch 0 from offset 0 with partition epoch 0, high watermark 0, ISR [0], adding replicas [] and removing replicas [] . Previous leader None and previous leader epoch was -1. (state.change.logger)
[2024-08-18 18:59:13,821] INFO [Broker id=0] Leader __consumer_offsets-9 with topic id Some(RAoJXOT8SU2r0nBuGp7obQ) starts at leader epoch 0 from offset 0 with partition epoch 0, high watermark 0, ISR [0], adding replicas [] and removing replicas [] . Previous leader None and previous leader epoch was -1. (state.change.logger)
[2024-08-18 18:59:13,824] INFO [Broker id=0] Leader __consumer_offsets-47 with topic id Some(RAoJXOT8SU2r0nBuGp7obQ) starts at leader epoch 0 from offset 0 with partition epoch 0, high watermark 0, ISR [0], adding replicas [] and removing replicas [] . Previous leader None and previous leader epoch was -1. (state.change.logger)
[2024-08-18 18:59:13,829] INFO [Broker id=0] Leader __consumer_offsets-19 with topic id Some(RAoJXOT8SU2r0nBuGp7obQ) starts at leader epoch 0 from offset 0 with partition epoch 0, high watermark 0, ISR [0], adding replicas [] and removing replicas [] . Previous leader None and previous leader epoch was -1. (state.change.logger)
[2024-08-18 18:59:13,831] INFO [Broker id=0] Leader __consumer_offsets-28 with topic id Some(RAoJXOT8SU2r0nBuGp7obQ) starts at leader epoch 0 from offset 0 with partition epoch 0, high watermark 0, ISR [0], adding replicas [] and removing replicas [] . Previous leader None and previous leader epoch was -1. (state.change.logger)
[2024-08-18 18:59:13,835] INFO [Broker id=0] Leader __consumer_offsets-38 with topic id Some(RAoJXOT8SU2r0nBuGp7obQ) starts at leader epoch 0 from offset 0 with partition epoch 0, high watermark 0, ISR [0], adding replicas [] and removing replicas [] . Previous leader None and previous leader epoch was -1. (state.change.logger)
[2024-08-18 18:59:13,838] INFO [Broker id=0] Leader __consumer_offsets-35 with topic id Some(RAoJXOT8SU2r0nBuGp7obQ) starts at leader epoch 0 from offset 0 with partition epoch 0, high watermark 0, ISR [0], adding replicas [] and removing replicas [] . Previous leader None and previous leader epoch was -1. (state.change.logger)
[2024-08-18 18:59:13,842] INFO [Broker id=0] Leader __consumer_offsets-6 with topic id Some(RAoJXOT8SU2r0nBuGp7obQ) starts at leader epoch 0 from offset 0 with partition epoch 0, high watermark 0, ISR [0], adding replicas [] and removing replicas [] . Previous leader None and previous leader epoch was -1. (state.change.logger)
[2024-08-18 18:59:13,845] INFO [Broker id=0] Leader __consumer_offsets-44 with topic id Some(RAoJXOT8SU2r0nBuGp7obQ) starts at leader epoch 0 from offset 0 with partition epoch 0, high watermark 0, ISR [0], adding replicas [] and removing replicas [] . Previous leader None and previous leader epoch was -1. (state.change.logger)
[2024-08-18 18:59:13,849] INFO [Broker id=0] Leader __consumer_offsets-25 with topic id Some(RAoJXOT8SU2r0nBuGp7obQ) starts at leader epoch 0 from offset 0 with partition epoch 0, high watermark 0, ISR [0], adding replicas [] and removing replicas [] . Previous leader None and previous leader epoch was -1. (state.change.logger)
[2024-08-18 18:59:13,852] INFO [Broker id=0] Leader __consumer_offsets-16 with topic id Some(RAoJXOT8SU2r0nBuGp7obQ) starts at leader epoch 0 from offset 0 with partition epoch 0, high watermark 0, ISR [0], adding replicas [] and removing replicas [] . Previous leader None and previous leader epoch was -1. (state.change.logger)
[2024-08-18 18:59:13,856] INFO [Broker id=0] Leader __consumer_offsets-22 with topic id Some(RAoJXOT8SU2r0nBuGp7obQ) starts at leader epoch 0 from offset 0 with partition epoch 0, high watermark 0, ISR [0], adding replicas [] and removing replicas [] . Previous leader None and previous leader epoch was -1. (state.change.logger)
[2024-08-18 18:59:13,861] INFO [Broker id=0] Leader __consumer_offsets-41 with topic id Some(RAoJXOT8SU2r0nBuGp7obQ) starts at leader epoch 0 from offset 0 with partition epoch 0, high watermark 0, ISR [0], adding replicas [] and removing replicas [] . Previous leader None and previous leader epoch was -1. (state.change.logger)
[2024-08-18 18:59:13,865] INFO [Broker id=0] Leader __consumer_offsets-32 with topic id Some(RAoJXOT8SU2r0nBuGp7obQ) starts at leader epoch 0 from offset 0 with partition epoch 0, high watermark 0, ISR [0], adding replicas [] and removing replicas [] . Previous leader None and previous leader epoch was -1. (state.change.logger)
[2024-08-18 18:59:13,870] INFO [Broker id=0] Leader __consumer_offsets-3 with topic id Some(RAoJXOT8SU2r0nBuGp7obQ) starts at leader epoch 0 from offset 0 with partition epoch 0, high watermark 0, ISR [0], adding replicas [] and removing replicas [] . Previous leader None and previous leader epoch was -1. (state.change.logger)
[2024-08-18 18:59:13,873] INFO [Broker id=0] Leader __consumer_offsets-13 with topic id Some(RAoJXOT8SU2r0nBuGp7obQ) starts at leader epoch 0 from offset 0 with partition epoch 0, high watermark 0, ISR [0], adding replicas [] and removing replicas [] . Previous leader None and previous leader epoch was -1. (state.change.logger)
[2024-08-18 18:59:13,909] INFO [Broker id=0] Finished LeaderAndIsr request in 287ms correlationId 1 from controller 0 for 52 partitions (state.change.logger)
[2024-08-18 18:59:13,923] INFO [Broker id=0] Add 52 partitions and deleted 0 partitions from metadata cache in response to UpdateMetadata request sent by controller 0 epoch 2 with correlation id 2 (state.change.logger)
[2024-08-18 18:59:36,002] INFO [Controller id=0 epoch=2] Sending UpdateMetadata request to brokers Set() for 0 partitions (state.change.logger)
[2024-08-18 18:59:51,091] INFO [Controller id=0 epoch=3] Sending UpdateMetadata request to brokers Set(0) for 0 partitions (state.change.logger)
[2024-08-18 18:59:51,167] INFO [Controller id=0 epoch=3] Sending LeaderAndIsr request to broker 0 with 52 become-leader and 0 become-follower partitions (state.change.logger)
[2024-08-18 18:59:51,172] INFO [Controller id=0 epoch=3] Sending UpdateMetadata request to brokers Set(0) for 52 partitions (state.change.logger)
[2024-08-18 18:59:51,684] INFO [Broker id=0] Handling LeaderAndIsr request correlationId 1 from controller 0 for 52 partitions (state.change.logger)
[2024-08-18 18:59:51,716] INFO [Broker id=0] Stopped fetchers as part of LeaderAndIsr request correlationId 1 from controller 0 epoch 3 as part of the become-leader transition for 52 partitions (state.change.logger)
[2024-08-18 18:59:51,729] INFO [Broker id=0] Leader __consumer_offsets-0 with topic id Some(RAoJXOT8SU2r0nBuGp7obQ) starts at leader epoch 0 from offset 0 with partition epoch 0, high watermark 0, ISR [0], adding replicas [] and removing replicas [] . Previous leader None and previous leader epoch was -1. (state.change.logger)
[2024-08-18 18:59:51,738] INFO [Broker id=0] Leader __consumer_offsets-29 with topic id Some(RAoJXOT8SU2r0nBuGp7obQ) starts at leader epoch 0 from offset 0 with partition epoch 0, high watermark 0, ISR [0], adding replicas [] and removing replicas [] . Previous leader None and previous leader epoch was -1. (state.change.logger)
[2024-08-18 18:59:51,741] INFO [Broker id=0] Leader __consumer_offsets-48 with topic id Some(RAoJXOT8SU2r0nBuGp7obQ) starts at leader epoch 0 from offset 0 with partition epoch 0, high watermark 0, ISR [0], adding replicas [] and removing replicas [] . Previous leader None and previous leader epoch was -1. (state.change.logger)
[2024-08-18 18:59:51,746] INFO [Broker id=0] Leader __consumer_offsets-10 with topic id Some(RAoJXOT8SU2r0nBuGp7obQ) starts at leader epoch 0 from offset 0 with partition epoch 0, high watermark 0, ISR [0], adding replicas [] and removing replicas [] . Previous leader None and previous leader epoch was -1. (state.change.logger)
[2024-08-18 18:59:51,750] INFO [Broker id=0] Leader __consumer_offsets-45 with topic id Some(RAoJXOT8SU2r0nBuGp7obQ) starts at leader epoch 0 from offset 0 with partition epoch 0, high watermark 0, ISR [0], adding replicas [] and removing replicas [] . Previous leader None and previous leader epoch was -1. (state.change.logger)
[2024-08-18 18:59:51,753] INFO [Broker id=0] Leader __consumer_offsets-26 with topic id Some(RAoJXOT8SU2r0nBuGp7obQ) starts at leader epoch 0 from offset 0 with partition epoch 0, high watermark 0, ISR [0], adding replicas [] and removing replicas [] . Previous leader None and previous leader epoch was -1. (state.change.logger)
[2024-08-18 18:59:51,757] INFO [Broker id=0] Leader __consumer_offsets-7 with topic id Some(RAoJXOT8SU2r0nBuGp7obQ) starts at leader epoch 0 from offset 0 with partition epoch 0, high watermark 0, ISR [0], adding replicas [] and removing replicas [] . Previous leader None and previous leader epoch was -1. (state.change.logger)
[2024-08-18 18:59:51,760] INFO [Broker id=0] Leader __consumer_offsets-42 with topic id Some(RAoJXOT8SU2r0nBuGp7obQ) starts at leader epoch 0 from offset 0 with partition epoch 0, high watermark 0, ISR [0], adding replicas [] and removing replicas [] . Previous leader None and previous leader epoch was -1. (state.change.logger)
[2024-08-18 18:59:51,763] INFO [Broker id=0] Leader __consumer_offsets-4 with topic id Some(RAoJXOT8SU2r0nBuGp7obQ) starts at leader epoch 0 from offset 0 with partition epoch 0, high watermark 0, ISR [0], adding replicas [] and removing replicas [] . Previous leader None and previous leader epoch was -1. (state.change.logger)
[2024-08-18 18:59:51,767] INFO [Broker id=0] Leader __consumer_offsets-23 with topic id Some(RAoJXOT8SU2r0nBuGp7obQ) starts at leader epoch 0 from offset 0 with partition epoch 0, high watermark 0, ISR [0], adding replicas [] and removing replicas [] . Previous leader None and previous leader epoch was -1. (state.change.logger)
[2024-08-18 18:59:51,770] INFO [Broker id=0] Leader __consumer_offsets-1 with topic id Some(RAoJXOT8SU2r0nBuGp7obQ) starts at leader epoch 0 from offset 0 with partition epoch 0, high watermark 0, ISR [0], adding replicas [] and removing replicas [] . Previous leader None and previous leader epoch was -1. (state.change.logger)
[2024-08-18 18:59:51,774] INFO [Broker id=0] Leader __consumer_offsets-20 with topic id Some(RAoJXOT8SU2r0nBuGp7obQ) starts at leader epoch 0 from offset 3 with partition epoch 0, high watermark 3, ISR [0], adding replicas [] and removing replicas [] . Previous leader None and previous leader epoch was -1. (state.change.logger)
[2024-08-18 18:59:51,774] INFO [Broker id=0] Leader __consumer_offsets-39 with topic id Some(RAoJXOT8SU2r0nBuGp7obQ) starts at leader epoch 0 from offset 0 with partition epoch 0, high watermark 0, ISR [0], adding replicas [] and removing replicas [] . Previous leader None and previous leader epoch was -1. (state.change.logger)
[2024-08-18 18:59:51,778] INFO [Broker id=0] Leader __consumer_offsets-17 with topic id Some(RAoJXOT8SU2r0nBuGp7obQ) starts at leader epoch 0 from offset 0 with partition epoch 0, high watermark 0, ISR [0], adding replicas [] and removing replicas [] . Previous leader None and previous leader epoch was -1. (state.change.logger)
[2024-08-18 18:59:51,782] INFO [Broker id=0] Leader __consumer_offsets-36 with topic id Some(RAoJXOT8SU2r0nBuGp7obQ) starts at leader epoch 0 from offset 0 with partition epoch 0, high watermark 0, ISR [0], adding replicas [] and removing replicas [] . Previous leader None and previous leader epoch was -1. (state.change.logger)
[2024-08-18 18:59:51,786] INFO [Broker id=0] Leader __consumer_offsets-14 with topic id Some(RAoJXOT8SU2r0nBuGp7obQ) starts at leader epoch 0 from offset 0 with partition epoch 0, high watermark 0, ISR [0], adding replicas [] and removing replicas [] . Previous leader None and previous leader epoch was -1. (state.change.logger)
[2024-08-18 18:59:51,789] INFO [Broker id=0] Leader __consumer_offsets-33 with topic id Some(RAoJXOT8SU2r0nBuGp7obQ) starts at leader epoch 0 from offset 0 with partition epoch 0, high watermark 0, ISR [0], adding replicas [] and removing replicas [] . Previous leader None and previous leader epoch was -1. (state.change.logger)
[2024-08-18 18:59:51,792] INFO [Broker id=0] Leader example-catalog-topic-0 with topic id Some(77BxJax_SxS0Dc7JsU52SA) starts at leader epoch 0 from offset 0 with partition epoch 0, high watermark 0, ISR [0], adding replicas [] and removing replicas [] . Previous leader None and previous leader epoch was -1. (state.change.logger)
[2024-08-18 18:59:51,795] INFO [Broker id=0] Leader __consumer_offsets-49 with topic id Some(RAoJXOT8SU2r0nBuGp7obQ) starts at leader epoch 0 from offset 0 with partition epoch 0, high watermark 0, ISR [0], adding replicas [] and removing replicas [] . Previous leader None and previous leader epoch was -1. (state.change.logger)
[2024-08-18 18:59:51,799] INFO [Broker id=0] Leader __consumer_offsets-11 with topic id Some(RAoJXOT8SU2r0nBuGp7obQ) starts at leader epoch 0 from offset 0 with partition epoch 0, high watermark 0, ISR [0], adding replicas [] and removing replicas [] . Previous leader None and previous leader epoch was -1. (state.change.logger)
[2024-08-18 18:59:51,803] INFO [Broker id=0] Leader __consumer_offsets-30 with topic id Some(RAoJXOT8SU2r0nBuGp7obQ) starts at leader epoch 0 from offset 0 with partition epoch 0, high watermark 0, ISR [0], adding replicas [] and removing replicas [] . Previous leader None and previous leader epoch was -1. (state.change.logger)
[2024-08-18 18:59:51,806] INFO [Broker id=0] Leader __consumer_offsets-46 with topic id Some(RAoJXOT8SU2r0nBuGp7obQ) starts at leader epoch 0 from offset 0 with partition epoch 0, high watermark 0, ISR [0], adding replicas [] and removing replicas [] . Previous leader None and previous leader epoch was -1. (state.change.logger)
[2024-08-18 18:59:51,810] INFO [Broker id=0] Leader __consumer_offsets-27 with topic id Some(RAoJXOT8SU2r0nBuGp7obQ) starts at leader epoch 0 from offset 0 with partition epoch 0, high watermark 0, ISR [0], adding replicas [] and removing replicas [] . Previous leader None and previous leader epoch was -1. (state.change.logger)
[2024-08-18 18:59:51,815] INFO [Broker id=0] Leader __consumer_offsets-8 with topic id Some(RAoJXOT8SU2r0nBuGp7obQ) starts at leader epoch 0 from offset 0 with partition epoch 0, high watermark 0, ISR [0], adding replicas [] and removing replicas [] . Previous leader None and previous leader epoch was -1. (state.change.logger)
[2024-08-18 18:59:51,819] INFO [Broker id=0] Leader __consumer_offsets-24 with topic id Some(RAoJXOT8SU2r0nBuGp7obQ) starts at leader epoch 0 from offset 0 with partition epoch 0, high watermark 0, ISR [0], adding replicas [] and removing replicas [] . Previous leader None and previous leader epoch was -1. (state.change.logger)
[2024-08-18 18:59:51,821] INFO [Broker id=0] Leader __consumer_offsets-43 with topic id Some(RAoJXOT8SU2r0nBuGp7obQ) starts at leader epoch 0 from offset 0 with partition epoch 0, high watermark 0, ISR [0], adding replicas [] and removing replicas [] . Previous leader None and previous leader epoch was -1. (state.change.logger)
[2024-08-18 18:59:51,824] INFO [Broker id=0] Leader __consumer_offsets-5 with topic id Some(RAoJXOT8SU2r0nBuGp7obQ) starts at leader epoch 0 from offset 0 with partition epoch 0, high watermark 0, ISR [0], adding replicas [] and removing replicas [] . Previous leader None and previous leader epoch was -1. (state.change.logger)
[2024-08-18 18:59:51,827] INFO [Broker id=0] Leader __consumer_offsets-21 with topic id Some(RAoJXOT8SU2r0nBuGp7obQ) starts at leader epoch 0 from offset 0 with partition epoch 0, high watermark 0, ISR [0], adding replicas [] and removing replicas [] . Previous leader None and previous leader epoch was -1. (state.change.logger)
[2024-08-18 18:59:51,831] INFO [Broker id=0] Leader __consumer_offsets-40 with topic id Some(RAoJXOT8SU2r0nBuGp7obQ) starts at leader epoch 0 from offset 0 with partition epoch 0, high watermark 0, ISR [0], adding replicas [] and removing replicas [] . Previous leader None and previous leader epoch was -1. (state.change.logger)
[2024-08-18 18:59:51,834] INFO [Broker id=0] Leader __consumer_offsets-2 with topic id Some(RAoJXOT8SU2r0nBuGp7obQ) starts at leader epoch 0 from offset 0 with partition epoch 0, high watermark 0, ISR [0], adding replicas [] and removing replicas [] . Previous leader None and previous leader epoch was -1. (state.change.logger)
[2024-08-18 18:59:51,838] INFO [Broker id=0] Leader __consumer_offsets-37 with topic id Some(RAoJXOT8SU2r0nBuGp7obQ) starts at leader epoch 0 from offset 0 with partition epoch 0, high watermark 0, ISR [0], adding replicas [] and removing replicas [] . Previous leader None and previous leader epoch was -1. (state.change.logger)
[2024-08-18 18:59:51,841] INFO [Broker id=0] Leader __consumer_offsets-18 with topic id Some(RAoJXOT8SU2r0nBuGp7obQ) starts at leader epoch 0 from offset 0 with partition epoch 0, high watermark 0, ISR [0], adding replicas [] and removing replicas [] . Previous leader None and previous leader epoch was -1. (state.change.logger)
[2024-08-18 18:59:51,844] INFO [Broker id=0] Leader example-order-topic-0 with topic id Some(ChZMRwHSRHiJwo80JbROwA) starts at leader epoch 0 from offset 0 with partition epoch 0, high watermark 0, ISR [0], adding replicas [] and removing replicas [] . Previous leader None and previous leader epoch was -1. (state.change.logger)
[2024-08-18 18:59:51,848] INFO [Broker id=0] Leader __consumer_offsets-34 with topic id Some(RAoJXOT8SU2r0nBuGp7obQ) starts at leader epoch 0 from offset 0 with partition epoch 0, high watermark 0, ISR [0], adding replicas [] and removing replicas [] . Previous leader None and previous leader epoch was -1. (state.change.logger)
[2024-08-18 18:59:51,852] INFO [Broker id=0] Leader __consumer_offsets-15 with topic id Some(RAoJXOT8SU2r0nBuGp7obQ) starts at leader epoch 0 from offset 0 with partition epoch 0, high watermark 0, ISR [0], adding replicas [] and removing replicas [] . Previous leader None and previous leader epoch was -1. (state.change.logger)
[2024-08-18 18:59:51,856] INFO [Broker id=0] Leader __consumer_offsets-12 with topic id Some(RAoJXOT8SU2r0nBuGp7obQ) starts at leader epoch 0 from offset 0 with partition epoch 0, high watermark 0, ISR [0], adding replicas [] and removing replicas [] . Previous leader None and previous leader epoch was -1. (state.change.logger)
[2024-08-18 18:59:51,859] INFO [Broker id=0] Leader __consumer_offsets-31 with topic id Some(RAoJXOT8SU2r0nBuGp7obQ) starts at leader epoch 0 from offset 0 with partition epoch 0, high watermark 0, ISR [0], adding replicas [] and removing replicas [] . Previous leader None and previous leader epoch was -1. (state.change.logger)
[2024-08-18 18:59:51,863] INFO [Broker id=0] Leader __consumer_offsets-9 with topic id Some(RAoJXOT8SU2r0nBuGp7obQ) starts at leader epoch 0 from offset 0 with partition epoch 0, high watermark 0, ISR [0], adding replicas [] and removing replicas [] . Previous leader None and previous leader epoch was -1. (state.change.logger)
[2024-08-18 18:59:51,867] INFO [Broker id=0] Leader __consumer_offsets-47 with topic id Some(RAoJXOT8SU2r0nBuGp7obQ) starts at leader epoch 0 from offset 0 with partition epoch 0, high watermark 0, ISR [0], adding replicas [] and removing replicas [] . Previous leader None and previous leader epoch was -1. (state.change.logger)
[2024-08-18 18:59:51,870] INFO [Broker id=0] Leader __consumer_offsets-19 with topic id Some(RAoJXOT8SU2r0nBuGp7obQ) starts at leader epoch 0 from offset 0 with partition epoch 0, high watermark 0, ISR [0], adding replicas [] and removing replicas [] . Previous leader None and previous leader epoch was -1. (state.change.logger)
[2024-08-18 18:59:51,874] INFO [Broker id=0] Leader __consumer_offsets-28 with topic id Some(RAoJXOT8SU2r0nBuGp7obQ) starts at leader epoch 0 from offset 0 with partition epoch 0, high watermark 0, ISR [0], adding replicas [] and removing replicas [] . Previous leader None and previous leader epoch was -1. (state.change.logger)
[2024-08-18 18:59:51,878] INFO [Broker id=0] Leader __consumer_offsets-38 with topic id Some(RAoJXOT8SU2r0nBuGp7obQ) starts at leader epoch 0 from offset 0 with partition epoch 0, high watermark 0, ISR [0], adding replicas [] and removing replicas [] . Previous leader None and previous leader epoch was -1. (state.change.logger)
[2024-08-18 18:59:51,883] INFO [Broker id=0] Leader __consumer_offsets-35 with topic id Some(RAoJXOT8SU2r0nBuGp7obQ) starts at leader epoch 0 from offset 0 with partition epoch 0, high watermark 0, ISR [0], adding replicas [] and removing replicas [] . Previous leader None and previous leader epoch was -1. (state.change.logger)
[2024-08-18 18:59:51,887] INFO [Broker id=0] Leader __consumer_offsets-6 with topic id Some(RAoJXOT8SU2r0nBuGp7obQ) starts at leader epoch 0 from offset 0 with partition epoch 0, high watermark 0, ISR [0], adding replicas [] and removing replicas [] . Previous leader None and previous leader epoch was -1. (state.change.logger)
[2024-08-18 18:59:51,891] INFO [Broker id=0] Leader __consumer_offsets-44 with topic id Some(RAoJXOT8SU2r0nBuGp7obQ) starts at leader epoch 0 from offset 0 with partition epoch 0, high watermark 0, ISR [0], adding replicas [] and removing replicas [] . Previous leader None and previous leader epoch was -1. (state.change.logger)
[2024-08-18 18:59:51,894] INFO [Broker id=0] Leader __consumer_offsets-25 with topic id Some(RAoJXOT8SU2r0nBuGp7obQ) starts at leader epoch 0 from offset 0 with partition epoch 0, high watermark 0, ISR [0], adding replicas [] and removing replicas [] . Previous leader None and previous leader epoch was -1. (state.change.logger)
[2024-08-18 18:59:51,898] INFO [Broker id=0] Leader __consumer_offsets-16 with topic id Some(RAoJXOT8SU2r0nBuGp7obQ) starts at leader epoch 0 from offset 0 with partition epoch 0, high watermark 0, ISR [0], adding replicas [] and removing replicas [] . Previous leader None and previous leader epoch was -1. (state.change.logger)
[2024-08-18 18:59:51,902] INFO [Broker id=0] Leader __consumer_offsets-22 with topic id Some(RAoJXOT8SU2r0nBuGp7obQ) starts at leader epoch 0 from offset 0 with partition epoch 0, high watermark 0, ISR [0], adding replicas [] and removing replicas [] . Previous leader None and previous leader epoch was -1. (state.change.logger)
[2024-08-18 18:59:51,907] INFO [Broker id=0] Leader __consumer_offsets-41 with topic id Some(RAoJXOT8SU2r0nBuGp7obQ) starts at leader epoch 0 from offset 0 with partition epoch 0, high watermark 0, ISR [0], adding replicas [] and removing replicas [] . Previous leader None and previous leader epoch was -1. (state.change.logger)
[2024-08-18 18:59:51,911] INFO [Broker id=0] Leader __consumer_offsets-32 with topic id Some(RAoJXOT8SU2r0nBuGp7obQ) starts at leader epoch 0 from offset 0 with partition epoch 0, high watermark 0, ISR [0], adding replicas [] and removing replicas [] . Previous leader None and previous leader epoch was -1. (state.change.logger)
[2024-08-18 18:59:51,914] INFO [Broker id=0] Leader __consumer_offsets-3 with topic id Some(RAoJXOT8SU2r0nBuGp7obQ) starts at leader epoch 0 from offset 0 with partition epoch 0, high watermark 0, ISR [0], adding replicas [] and removing replicas [] . Previous leader None and previous leader epoch was -1. (state.change.logger)
[2024-08-18 18:59:51,918] INFO [Broker id=0] Leader __consumer_offsets-13 with topic id Some(RAoJXOT8SU2r0nBuGp7obQ) starts at leader epoch 0 from offset 0 with partition epoch 0, high watermark 0, ISR [0], adding replicas [] and removing replicas [] . Previous leader None and previous leader epoch was -1. (state.change.logger)
[2024-08-18 18:59:51,953] INFO [Broker id=0] Finished LeaderAndIsr request in 270ms correlationId 1 from controller 0 for 52 partitions (state.change.logger)
[2024-08-18 18:59:51,973] INFO [Broker id=0] Add 52 partitions and deleted 0 partitions from metadata cache in response to UpdateMetadata request sent by controller 0 epoch 3 with correlation id 2 (state.change.logger)
